<?xml version="1.0" encoding="utf-8"?><testsuites name="pytest tests"><testsuite name="pytest" errors="0" failures="0" skipped="1" tests="10" time="3.567" timestamp="2025-09-25T09:41:44.302415+03:00" hostname="DESKTOP-MFP716C"><testcase classname="tests.test_audit_triggers" name="test_audit_created_on_update" time="0.249" /><testcase classname="tests.test_crud_cars" name="test_cars_crud_flow" time="0.142" /><testcase classname="tests.test_filters_sorting" name="test_cars_filters_and_sort" time="0.603" /><testcase classname="tests.test_import_export" name="test_export_csv_if_implemented" time="0.022" /><testcase classname="tests.test_roles_permissions" name="test_user_can_create_car_allowed" time="0.001"><skipped type="pytest.skip" message="USER_TOKEN не задан — пропускаем проверки прав для обычного пользователя.">C:\API_CAR_DASHBOARD\test_artifacts\tests\test_roles_permissions.py:8: USER_TOKEN не задан — пропускаем проверки прав для обычного пользователя.</skipped></testcase><testcase classname="tests.test_sql_injection" name="test_filters_resist_sqli[payload0]" time="0.419" /><testcase classname="tests.test_sql_injection" name="test_filters_resist_sqli[payload1]" time="0.286" /><testcase classname="tests.test_sql_injection" name="test_filters_resist_sqli[payload2]" time="0.301" /><testcase classname="tests.test_transactions_procedures" name="test_business_procedures_atomicity[reserve]" time="0.880" /><testcase classname="tests.test_transactions_procedures" name="test_business_procedures_atomicity[complete_sale]" time="0.530" /></testsuite></testsuites>