<?xml version="1.0" encoding="utf-8"?><testsuites name="pytest tests"><testsuite name="pytest" errors="0" failures="0" skipped="0" tests="10" time="62.531" timestamp="2025-10-13T11:12:08.974013+03:00" hostname="DESKTOP-MFP716C"><testcase classname="tests.test_audit_triggers" name="test_audit_created_on_update" time="2.125" /><testcase classname="tests.test_crud_cars" name="test_cars_crud_flow" time="2.116" /><testcase classname="tests.test_filters_sorting" name="test_cars_filters_and_sort" time="4.636" /><testcase classname="tests.test_import_export" name="test_export_csv_if_implemented" time="2.058" /><testcase classname="tests.test_roles_permissions" name="test_user_can_create_car_allowed" time="4.494" /><testcase classname="tests.test_sql_injection" name="test_filters_resist_sqli[payload0]" time="2.334" /><testcase classname="tests.test_sql_injection" name="test_filters_resist_sqli[payload1]" time="2.346" /><testcase classname="tests.test_sql_injection" name="test_filters_resist_sqli[payload2]" time="2.334" /><testcase classname="tests.test_transactions_procedures" name="test_business_procedures_atomicity[reserve]" time="18.979" /><testcase classname="tests.test_transactions_procedures" name="test_business_procedures_atomicity[complete_sale]" time="21.054" /></testsuite></testsuites>