<?xml version="1.0" encoding="utf-8"?><testsuites name="pytest tests"><testsuite name="pytest" errors="0" failures="0" skipped="0" tests="10" time="3.114" timestamp="2025-09-24T22:00:54.720418+03:00" hostname="DESKTOP-MFP716C"><testcase classname="tests.test_audit_triggers" name="test_audit_created_on_update" time="0.089" /><testcase classname="tests.test_crud_cars" name="test_cars_crud_flow" time="0.080" /><testcase classname="tests.test_filters_sorting" name="test_cars_filters_and_sort" time="0.525" /><testcase classname="tests.test_import_export" name="test_export_csv_if_implemented" time="0.013" /><testcase classname="tests.test_roles_permissions" name="test_user_can_create_car_allowed" time="0.350" /><testcase classname="tests.test_sql_injection" name="test_filters_resist_sqli[payload0]" time="0.254" /><testcase classname="tests.test_sql_injection" name="test_filters_resist_sqli[payload1]" time="0.273" /><testcase classname="tests.test_sql_injection" name="test_filters_resist_sqli[payload2]" time="0.257" /><testcase classname="tests.test_transactions_procedures" name="test_business_procedures_atomicity[reserve]" time="0.644" /><testcase classname="tests.test_transactions_procedures" name="test_business_procedures_atomicity[complete_sale]" time="0.555" /></testsuite></testsuites>