<?xml version="1.0" encoding="utf-8"?><testsuites name="pytest tests"><testsuite name="pytest" errors="0" failures="0" skipped="0" tests="0" time="0.004" timestamp="2025-09-24T21:43:18.173867+03:00" hostname="DESKTOP-MFP716C" /></testsuites>